2022-10-03 15:29:21,719 login.py-> setUp 20: INFO -->this is chrome
2022-10-03 15:29:21,786 login_handle.py-> input_username 20: INFO -->Input username is:
2022-10-03 15:29:26,002 login.py-> setUp 20: INFO -->this is chrome
2022-10-03 15:29:26,074 login_handle.py-> input_username 20: INFO -->Input username is:abac@gmail.com
2022-10-03 15:29:26,300 login_handle.py-> input_password 20: INFO -->Input password is:
2022-10-03 15:31:45,230 login.py-> setUp 20: INFO -->this is chrome
2022-10-03 15:31:46,842 login_handle.py-> input_username 20: INFO -->Input username is:nirvanawgw@gmail.com
2022-10-03 15:31:46,970 login_handle.py-> input_password 20: INFO -->Input password is:987654321QWER
2022-10-03 15:32:47,373 login.py-> setUp 20: INFO -->this is chrome
2022-10-03 15:32:50,199 login_handle.py-> input_username 20: INFO -->Input username is:nirvanawgw@gmail.com
2022-10-03 15:32:50,339 login_handle.py-> input_password 20: INFO -->Input password is:987654321QWER
2022-10-03 15:34:15,134 login.py-> setUp 20: INFO -->this is chrome
2022-10-03 15:34:17,824 login_handle.py-> input_username 20: INFO -->Input username is:nirvanawgw@gmail.com
2022-10-03 15:34:17,951 login_handle.py-> input_password 20: INFO -->Input password is:987654321QWER
2022-10-03 15:37:22,306 login.py-> setUp 20: INFO -->this is chrome
2022-10-03 15:37:24,991 login_handle.py-> input_username 20: INFO -->Input username is:nirvanawgw@gmail.com
2022-10-03 15:37:25,116 login_handle.py-> input_password 20: INFO -->Input password is:987654321QWER
2022-10-03 15:38:27,755 login.py-> setUp 20: INFO -->this is chrome
2022-10-03 15:38:29,348 login_handle.py-> input_username 20: INFO -->Input username is:nirvanawgw@gmail.com
2022-10-03 15:38:29,477 login_handle.py-> input_password 20: INFO -->Input password is:987654321QWER
2022-10-03 15:39:17,849 login.py-> setUp 20: INFO -->this is chrome
2022-10-03 15:39:19,175 login_handle.py-> input_username 20: INFO -->Input username is:nirvanawgw@gmail.com
2022-10-03 15:39:19,305 login_handle.py-> input_password 20: INFO -->Input password is:987654321QWER
2022-10-03 15:40:15,988 login.py-> setUp 20: INFO -->this is chrome
2022-10-03 15:40:18,384 login_handle.py-> input_username 20: INFO -->Input username is:
2022-10-03 15:40:18,436 login_handle.py-> input_password 20: INFO -->Input password is:12345678
2022-10-03 15:40:37,278 login.py-> setUp 20: INFO -->this is chrome
2022-10-03 15:40:39,931 login_handle.py-> input_username 20: INFO -->Input username is:abac@gmail.com
2022-10-03 15:40:40,046 login_handle.py-> input_password 20: INFO -->Input password is:
2022-10-03 15:40:54,566 login.py-> setUp 20: INFO -->this is chrome
2022-10-03 15:40:57,222 login_handle.py-> input_username 20: INFO -->Input username is:nirvanawgw@gmail.com
2022-10-03 15:40:57,354 login_handle.py-> input_password 20: INFO -->Input password is:123456789
2022-10-03 15:42:15,849 login.py-> setUp 20: INFO -->this is chrome
2022-10-03 15:42:17,456 login_handle.py-> input_username 20: INFO -->Input username is:nirvanawgw@gmail.com
2022-10-03 15:42:17,575 login_handle.py-> input_password 20: INFO -->Input password is:123456789
2022-10-03 15:43:01,970 login.py-> setUp 20: INFO -->this is chrome
2022-10-03 15:43:04,328 login_handle.py-> input_username 20: INFO -->Input username is:nirvanawgw@gmail.com
2022-10-03 15:43:04,458 login_handle.py-> input_password 20: INFO -->Input password is:123456789
2022-10-03 15:44:18,284 login.py-> setUp 20: INFO -->this is chrome
2022-10-03 15:44:21,082 login_handle.py-> input_username 20: INFO -->Input username is:nirvanawgw@gmail.com
2022-10-03 15:44:21,209 login_handle.py-> input_password 20: INFO -->Input password is:123456789
2022-10-03 15:45:12,772 login.py-> setUp 20: INFO -->this is chrome
2022-10-03 15:45:14,378 login_handle.py-> input_username 20: INFO -->Input username is:nirvanawgw@gmail.com
2022-10-03 15:45:14,506 login_handle.py-> input_password 20: INFO -->Input password is:123456789
2022-10-03 15:46:35,566 login.py-> setUp 20: INFO -->this is chrome
2022-10-03 15:46:37,960 login_handle.py-> input_username 20: INFO -->Input username is:nirvanawgw@gmail.com
2022-10-03 15:46:38,101 login_handle.py-> input_password 20: INFO -->Input password is:123456789
2022-10-03 15:48:42,168 login.py-> setUp 20: INFO -->this is chrome
2022-10-03 15:52:53,114 login.py-> setUp 20: INFO -->this is chrome
2022-10-03 15:52:55,767 login_handle.py-> input_username 20: INFO -->Input username is:nirvanawgw@gmail.com
2022-10-03 15:52:55,890 login_handle.py-> input_password 20: INFO -->Input password is:123456789
2022-10-03 15:54:26,884 login.py-> setUp 20: INFO -->this is chrome
2022-10-03 15:54:28,246 login_handle.py-> input_username 20: INFO -->Input username is:nirvanawgw@gmail.com
2022-10-03 15:54:28,365 login_handle.py-> input_password 20: INFO -->Input password is:123456789
2022-10-03 15:55:04,738 login.py-> setUp 20: INFO -->this is chrome
2022-10-03 15:55:06,334 login_handle.py-> input_username 20: INFO -->Input username is:nirvanawgw@gmail.com
2022-10-03 15:55:06,464 login_handle.py-> input_password 20: INFO -->Input password is:987654321QWER
2022-10-03 15:55:35,468 login.py-> setUp 20: INFO -->this is chrome
2022-10-03 15:55:37,090 login_handle.py-> input_username 20: INFO -->Input username is:
2022-10-03 15:55:37,137 login_handle.py-> input_password 20: INFO -->Input password is:12345678
2022-10-03 16:06:26,324 login.py-> setUp 20: INFO -->this is chrome
2022-10-03 16:06:28,722 login_handle.py-> input_username 20: INFO -->Input username is:nirvanawgw@gmail.com
2022-10-03 16:06:28,858 login_handle.py-> input_password 20: INFO -->Input password is:123456789
2022-10-03 16:08:52,796 login.py-> setUp 20: INFO -->this is chrome
2022-10-03 16:08:55,562 login_handle.py-> input_username 20: INFO -->Input username is:nirvanawgw@gmail.com
2022-10-03 16:08:55,693 login_handle.py-> input_password 20: INFO -->Input password is:123456789
2022-10-03 16:10:29,873 login.py-> setUp 20: INFO -->this is chrome
2022-10-03 16:11:39,078 login_handle.py-> input_username 20: INFO -->Input username is:nirvanawgw@gmail.com
2022-10-03 16:12:00,837 login_handle.py-> input_password 20: INFO -->Input password is:123456789
2022-10-03 16:16:26,292 login.py-> setUp 20: INFO -->this is chrome
2022-10-03 16:17:09,949 login.py-> setUp 20: INFO -->this is chrome
2022-10-03 16:17:11,545 login_handle.py-> input_username 20: INFO -->Input username is:
2022-10-03 16:17:11,593 login_handle.py-> input_password 20: INFO -->Input password is:12345678
2022-10-03 16:17:26,871 login.py-> setUp 20: INFO -->this is chrome
2022-10-03 16:17:28,465 login_handle.py-> input_username 20: INFO -->Input username is:nirvanawgw@gmail.com
2022-10-03 16:17:28,586 login_handle.py-> input_password 20: INFO -->Input password is:123456789
2022-10-03 16:18:06,980 login.py-> setUp 20: INFO -->this is chrome
2022-10-03 16:18:08,323 login_handle.py-> input_username 20: INFO -->Input username is:nirvanawgw@gmail.com
2022-10-03 16:18:08,449 login_handle.py-> input_password 20: INFO -->Input password is:123456789
2022-10-03 16:20:01,825 login.py-> setUp 20: INFO -->this is chrome
2022-10-03 16:20:03,209 login_handle.py-> input_username 20: INFO -->Input username is:nirvanawgw@gmail.com
2022-10-03 16:20:03,351 login_handle.py-> input_password 20: INFO -->Input password is:123456789
2022-10-03 16:21:47,239 login.py-> setUp 20: INFO -->this is chrome
2022-10-03 16:21:48,849 login_handle.py-> input_username 20: INFO -->Input username is:nirvanawgw@gmail.com
2022-10-03 16:21:48,972 login_handle.py-> input_password 20: INFO -->Input password is:123456789
2022-10-03 16:22:46,653 login.py-> setUp 20: INFO -->this is chrome
2022-10-03 16:22:48,258 login_handle.py-> input_username 20: INFO -->Input username is:nirvanawgw@gmail.com
2022-10-03 16:22:48,377 login_handle.py-> input_password 20: INFO -->Input password is:123456789
2022-10-03 16:23:31,978 login.py-> setUp 20: INFO -->this is chrome
2022-10-03 16:23:33,593 login_handle.py-> input_username 20: INFO -->Input username is:nirvanawgw@gmail.com
2022-10-03 16:23:33,725 login_handle.py-> input_password 20: INFO -->Input password is:123456789
